<?xml version="1.0" encoding="UTF-8"?>
<!-- Generated by org.testng.reporters.JUnitReportReporter -->
<testsuite hostname="spb-ws-129" failures="0" tests="4" name="NewDocTest" time="28.662" errors="0" timestamp="5 Apr 2018 06:37:20 GMT">
  <testcase classname="NewDocTest" name="LoginCourier" time="3.009"/>
  <testcase classname="NewDocTest" name="New_Doc_DEFAULT" time="9.905"/>
  <testcase classname="NewDocTest" name="Search_by_infofields" time="9.790"/>
  <testcase classname="NewDocTest" name="Search_inf_after_del" time="5.958"/>
</testsuite> <!-- NewDocTest -->
