<?xml version="1.0" encoding="UTF-8"?>
<!-- Generated by org.testng.reporters.JUnitReportReporter -->
<testsuite hostname="spb-ws-129" failures="0" tests="14" name="InformatorEsphereRuTest" time="12.366" errors="0" timestamp="27 Mar 2018 11:34:03 GMT">
  <testcase classname="InformatorEsphereRuTest" name="checkSearchHint" time="0.112"/>
  <testcase classname="InformatorEsphereRuTest" name="searchByOGRN" time="1.097"/>
  <testcase classname="InformatorEsphereRuTest" name="searchByINN" time="1.080"/>
  <testcase classname="InformatorEsphereRuTest" name="searchByINN" time="0.571"/>
  <testcase classname="InformatorEsphereRuTest" name="checkSearchPressingEnter" time="1.057"/>
  <testcase classname="InformatorEsphereRuTest" name="checkSearchPressingEnter" time="1.063"/>
  <testcase classname="InformatorEsphereRuTest" name="checkSearchHint" time="0.167"/>
  <testcase classname="InformatorEsphereRuTest" name="searchByFIO" time="1.087"/>
  <testcase classname="InformatorEsphereRuTest" name="checkSearchResultClearing" time="1.082"/>
  <testcase classname="InformatorEsphereRuTest" name="searchByName" time="1.100"/>
  <testcase classname="InformatorEsphereRuTest" name="searchByFIO" time="1.025"/>
  <testcase classname="InformatorEsphereRuTest" name="checkSearchResultClearing" time="1.345"/>
  <testcase classname="InformatorEsphereRuTest" name="searchByOGRN" time="0.556"/>
  <testcase classname="InformatorEsphereRuTest" name="searchByName" time="1.024"/>
</testsuite> <!-- InformatorEsphereRuTest -->
